# JRE version: OpenJDK Runtime Environment Temurin-11.0.18+10 (11.0.18+10) (build 11.0.18+10)
# Java VM: OpenJDK 64-Bit Server VM Temurin-11.0.18+10 (11.0.18+10, mixed mode, tiered, compressed oops, g1 gc, windows-amd64)
Heap:
 garbage-first heap   total 262144K, used 14839K [0x0000000700a00000, 0x0000000800000000)
  region size 1024K, 10 young (10240K), 2 survivors (2048K)
 Metaspace       used 29811K, capacity 30479K, committed 30640K, reserved 1077248K
  class space    used 3216K, capacity 3507K, committed 3584K, reserved 1048576K
GC Heap History (6 events):
Event: 14.682 GC heap before
{Heap before GC invocations=0 (full 0):
 garbage-first heap   total 262144K, used 26624K [0x0000000700a00000, 0x0000000800000000)
  region size 1024K, 24 young (24576K), 0 survivors (0K)
 Metaspace       used 16883K, capacity 17281K, committed 17408K, reserved 1064960K
  class space    used 1757K, capacity 1938K, committed 2048K, reserved 1048576K
}
Event: 14.686 GC heap after
{Heap after GC invocations=1 (full 0):
 garbage-first heap   total 262144K, used 5633K [0x0000000700a00000, 0x0000000800000000)
  region size 1024K, 3 young (3072K), 3 survivors (3072K)
 Metaspace       used 16883K, capacity 17281K, committed 17408K, reserved 1064960K
  class space    used 1757K, capacity 1938K, committed 2048K, reserved 1048576K
}
Event: 14.843 GC heap before
{Heap before GC invocations=1 (full 0):
 garbage-first heap   total 262144K, used 11777K [0x0000000700a00000, 0x0000000800000000)
  region size 1024K, 10 young (10240K), 3 survivors (3072K)
 Metaspace       used 20703K, capacity 21201K, committed 21296K, reserved 1069056K
  class space    used 2183K, capacity 2417K, committed 2432K, reserved 1048576K
}
Event: 14.847 GC heap after
{Heap after GC invocations=2 (full 0):
 garbage-first heap   total 262144K, used 6502K [0x0000000700a00000, 0x0000000800000000)
  region size 1024K, 4 young (4096K), 4 survivors (4096K)
 Metaspace       used 20703K, capacity 21201K, committed 21296K, reserved 1069056K
  class space    used 2183K, capacity 2417K, committed 2432K, reserved 1048576K
}
Event: 15.043 GC heap before
{Heap before GC invocations=3 (full 0):
 garbage-first heap   total 262144K, used 17766K [0x0000000700a00000, 0x0000000800000000)
  region size 1024K, 15 young (15360K), 4 survivors (4096K)
 Metaspace       used 26504K, capacity 27097K, committed 27440K, reserved 1073152K
  class space    used 2864K, capacity 3104K, committed 3200K, reserved 1048576K
}
Event: 15.046 GC heap after
{Heap after GC invocations=4 (full 0):
 garbage-first heap   total 262144K, used 7671K [0x0000000700a00000, 0x0000000800000000)
  region size 1024K, 2 young (2048K), 2 survivors (2048K)
 Metaspace       used 26504K, capacity 27097K, committed 27440K, reserved 1073152K
  class space    used 2864K, capacity 3104K, committed 3200K, reserved 1048576K
}

